This is XeTeX, Version 3.1415926-2.3-0.9997.5 (MiKTeX 2.9) (preloaded format=xelatex 2014.6.6)  17 MAY 2016 16:50
entering extended mode
**main.tex
(D:\MyProject\高二研学\nlp\minhash\templates\main.tex
LaTeX2e <2011/06/27>
Babel <v3.8m> and hyphenation patterns for loaded.
(D:\MyProject\高二研学\nlp\minhash\templates\mitthesis.cls
Document Class: mitthesis 1999/10/20
\vithesis=\count80
(C:\CTEX\MiKTeX\tex\latex\base\report.cls
Document Class: report 2007/10/19 v1.4h Standard LaTeX document class
(C:\CTEX\MiKTeX\tex\latex\base\size12.clo
File: size12.clo 2007/10/19 v1.4h Standard LaTeX file (size option)
Requested font "cmr12" at 12.0pt
 -> cmr12
)
\c@part=\count81
\c@chapter=\count82
\c@section=\count83
\c@subsection=\count84
\c@subsubsection=\count85
\c@paragraph=\count86
\c@subparagraph=\count87
\c@figure=\count88
\c@table=\count89
\abovecaptionskip=\skip41
\belowcaptionskip=\skip42
\bibindent=\dimen102
)
(C:\CTEX\MiKTeX\tex\latex\setspace\setspace.sty
Package: setspace 2011/12/19 v6.7a set line spacing
)
Thesis document copyright MIT unless otherwise (manually) specified
\@titlesupervisor=\box26
\@abstractsupervisor=\box27
\c@savepage=\count90
) (D:\MyProject\高二研学\nlp\minhash\templates\lgrind.sty
Package: lgrind 1997/01/30 v3.4 LGrind environment and supporting stuff
\lc@unt=\count91
\ln@xt=\count92
\LGnuminterval=\count93
\LGindent=\skip43
\LGsloppy=\skip44
\procbox=\box28
\ls@far=\box29
\tb@x=\box30
\TBw@d=\dimen103
\@ts=\dimen104
)
(C:\CTEX\MiKTeX\tex\latex\cmap\cmap.sty
Package: cmap 2008/03/06 v1.0h CMap support: searchable PDF


Package cmap Warning: pdftex not detected - exiting.

) (C:\CTEX\MiKTeX\tex\latex\base\fontenc.sty
Package: fontenc 2005/09/27 v1.99g Standard LaTeX package

(C:\CTEX\MiKTeX\tex\latex\base\t1enc.def
File: t1enc.def 2005/09/27 v1.99g Standard LaTeX file
LaTeX Font Info:    Redeclaring font encoding T1 on input line 43.
)
Requested font "ecrm1200" at 12.0pt
 -> ecrm1200
)
(D:\MyProject\高二研学\nlp\minhash\templates\main.aux
(D:\MyProject\高二研学\nlp\minhash\templates\cover.aux)
(D:\MyProject\高二研学\nlp\minhash\templates\contents.aux)
(D:\MyProject\高二研学\nlp\minhash\templates\chap1.aux)
(D:\MyProject\高二研学\nlp\minhash\templates\chap2.aux)
(D:\MyProject\高二研学\nlp\minhash\templates\appa.aux)
(D:\MyProject\高二研学\nlp\minhash\templates\appb.aux)
(D:\MyProject\高二研学\nlp\minhash\templates\biblio.aux))
LaTeX Font Info:    Checking defaults for OML/cmm/m/it on input line 42.
LaTeX Font Info:    ... okay on input line 42.
LaTeX Font Info:    Checking defaults for T1/cmr/m/n on input line 42.
LaTeX Font Info:    ... okay on input line 42.
LaTeX Font Info:    Checking defaults for OT1/cmr/m/n on input line 42.
LaTeX Font Info:    ... okay on input line 42.
LaTeX Font Info:    Checking defaults for OMS/cmsy/m/n on input line 42.
LaTeX Font Info:    ... okay on input line 42.
LaTeX Font Info:    Checking defaults for OMX/cmex/m/n on input line 42.
LaTeX Font Info:    ... okay on input line 42.
LaTeX Font Info:    Checking defaults for U/cmr/m/n on input line 42.
LaTeX Font Info:    ... okay on input line 42.

(D:\MyProject\高二研学\nlp\minhash\templates\cover.tex
Requested font "ecrm1440" at 14.4pt
 -> ecrm1440
Requested font "ecrm1728" at 17.28pt
 -> ecrm1728
Requested font "ecbx1728" at 17.28pt
 -> ecbx1728
LaTeX Font Info:    Try loading font information for OMS+cmr on input line 91.

(C:\CTEX\MiKTeX\tex\latex\base\omscmr.fd
File: omscmr.fd 1999/05/25 v2.5h Standard LaTeX font definitions
)
LaTeX Font Info:    Font shape `OMS/cmr/m/n' in size <14.4> not available
(Font)              Font shape `OMS/cmsy/m/n' tried instead on input line 91.
Requested font "cmsy10" at 14.4pt
 -> cmsy10
 [1



] [2

]
Requested font "ecbx1440" at 14.4pt
 -> ecbx1440
Requested font "ecrm1095" at 10.95pt
 -> ecrm1095

(D:\MyProject\高二研学\nlp\minhash\templates\abstract.tex) [3

] [4

])
[5] (D:\MyProject\高二研学\nlp\minhash\templates\contents.tex [6



]
Requested font "ecrm2488" at 24.88pt
 -> ecrm2488
Requested font "ecbx2488" at 24.88pt
 -> ecbx2488

(D:\MyProject\高二研学\nlp\minhash\templates\main.toc
Requested font "ecbx1200" at 12.0pt
 -> ecbx1200
Requested font "cmr8" at 8.0pt
 -> cmr8
Requested font "cmr6" at 6.0pt
 -> cmr6
Requested font "cmmi12" at 12.0pt
 -> cmmi12
Requested font "cmmi8" at 8.0pt
 -> cmmi8
Requested font "cmmi6" at 6.0pt
 -> cmmi6
Requested font "cmsy10" at 12.0pt
 -> cmsy10
Requested font "cmsy8" at 8.0pt
 -> cmsy8
Requested font "cmsy6" at 6.0pt
 -> cmsy6
LaTeX Font Info:    External font `cmex10' loaded for size
(Font)              <12> on input line 2.
LaTeX Font Info:    External font `cmex10' loaded for size
(Font)              <8> on input line 2.
LaTeX Font Info:    External font `cmex10' loaded for size
(Font)              <6> on input line 2.
)
\tf@toc=\write3
 [7] [8

]
(D:\MyProject\高二研学\nlp\minhash\templates\main.lof)
\tf@lof=\write4
 [9] [10

]
(D:\MyProject\高二研学\nlp\minhash\templates\main.lot)
\tf@lot=\write5
) [11]
(D:\MyProject\高二研学\nlp\minhash\templates\chap1.tex [12



]
Chapter 1.

LaTeX Warning: Citation `patterson:risc' on page 13 undefined on input line 32.



LaTeX Warning: Citation `rad83' on page 13 undefined on input line 32.


LaTeX Warning: Citation `ellis:bulldog' on page 13 undefined on input line 40.


LaTeX Warning: Citation `pet87' on page 13 undefined on input line 40.


LaTeX Warning: Citation `coutant:precision-compilers' on page 13 undefined on i
nput line 40.


LaTeX Warning: Citation `gib86' on page 13 undefined on input line 44.

[13]
Requested font "ecrm0800" at 8.0pt
 -> ecrm0800
Requested font "ecrm1000" at 10.0pt
 -> ecrm1000
LaTeX Font Info:    External font `cmex10' loaded for size
(Font)              <7> on input line 76.
LaTeX Font Info:    External font `cmex10' loaded for size
(Font)              <5> on input line 76.
Requested font "ecrm0700" at 7.0pt
 -> ecrm0700
Requested font "ecbx1000" at 10.0pt
 -> ecbx1000


LaTeX Warning: Reference `exponent-format' on page 14 undefined on input line 7
6.


LaTeX Warning: Reference `mantissa-format' on page 14 undefined on input line 7
6.


LaTeX Warning: Reference `unnorm-math' on page 14 undefined on input line 77.

[14]

LaTeX Warning: Citation `thornton:cdc6600' on page 15 undefined on input line 9
2.

LaTeX Font Info:    Try loading font information for T1+cmtt on input line 92.
(C:\CTEX\MiKTeX\tex\latex\base\t1cmtt.fd
File: t1cmtt.fd 1999/05/25 v2.5h Standard LaTeX font definitions
)
Requested font "ectt1000" at 10.0pt
 -> ectt1000
 [15]

LaTeX Warning: Reference `opt:be' on page 16 undefined on input line 131.


LaTeX Warning: Reference `range-tracking' on page 16 undefined on input line 16
0.

[16]
Underfull \vbox (badness 1389) has occurred while \output is active []

 [17]

LaTeX Warning: Citation `magenheimer:precision' on page 18 undefined on input l
ine 204.


LaTeX Warning: Citation `byte:i860' on page 18 undefined on input line 214.


LaTeX Warning: Citation `ellis:bulldog' on page 18 undefined on input line 227.



LaTeX Warning: Citation `colwell:vliw' on page 18 undefined on input line 227.

Requested font "ecti1200" at 12.0pt
 -> ecti1200
[18]

LaTeX Warning: Citation `gib86' on page 19 undefined on input line 248.

) [19]
No file chap2.tex.
(D:\MyProject\高二研学\nlp\minhash\templates\appa.tex [20





]
Appendix A.
[21]) (D:\MyProject\高二研学\nlp\minhash\templates\appb.tex [22




]
Appendix B.
[23] [24]) (D:\MyProject\高二研学\nlp\minhash\templates\biblio.tex
No file main.bbl.
) (D:\MyProject\高二研学\nlp\minhash\templates\main.aux
(D:\MyProject\高二研学\nlp\minhash\templates\cover.aux)
(D:\MyProject\高二研学\nlp\minhash\templates\contents.aux)
(D:\MyProject\高二研学\nlp\minhash\templates\chap1.aux)
(D:\MyProject\高二研学\nlp\minhash\templates\chap2.aux)
(D:\MyProject\高二研学\nlp\minhash\templates\appa.aux)
(D:\MyProject\高二研学\nlp\minhash\templates\appb.aux)
(D:\MyProject\高二研学\nlp\minhash\templates\biblio.aux))

LaTeX Warning: There were undefined references.

 ) 
Here is how much of TeX's memory you used:
 797 strings out of 430478
 8952 string characters out of 3191503
 53786 words of memory out of 3000000
 3908 multiletter control sequences out of 15000+200000
 17644 words of font info for 39 fonts, out of 3000000 for 9000
 14 hyphenation exceptions out of 8191
 28i,8n,23p,223b,249s stack positions out of 5000i,500n,10000p,200000b,50000s

Output written on main.pdf (24 pages).
